[ERR!] cwd  : D:\coldfusion\KidzQui
[ERR!] os   : Windows_NT 6.1.7601
[ERR!] argv : "C:\\Program Files\\nodejs\\node.exe" "C:\\Users\\mindfire\\AppData\\Roaming\\npm\\node_modules\\tsd\\build\\cli.js" "install" "jquery" "--save"
[ERR!] node : v6.9.4
[ERR!] tsd  : 0.6.5
[ERR!] Error: getaddrinfo ENOTFOUND api.github.com api.github.com:443
[ERR!] CODE : ENOTFOUND
[ERR!] getaddrinfo ENOTFOUND api.github.com api.github.com:443
This is most likely not a problem with tsd itself
and is related to network connectivity.
In most cases you are behind a proxy or have bad network settings.

If you are behind a proxy, please make sure that the
'proxy' config is set properly.  See: https://github.com/DefinitelyTyped/tsd#tsdrc
[ERR!] 
Error: getaddrinfo ENOTFOUND api.github.com api.github.com:443
    at errnoException (dns.js:28:10)
    at GetAddrInfoReqWrap.onlookup [as oncomplete] (dns.js:76:26)

[ERR!] tsd.json could not be retrieved

[ERR!] .tsdrc could not be retrieved

[ERR!] Please include the following file with any support request:
    D:\coldfusion\KidzQui\tsd-debug.log

